[2022-12-23 20:53:25,458]	[DEBUG]:	Hello
 Nise to fdmfdkfd
12344
[2022-12-23 21:11:10,460]	[DEBUG]:	Hello
 Nise to fdmfdkfd
12344
[2022-12-23 21:11:23,501]	[DEBUG]:	Hello
 Nise to fdmfdkfd
12344
[2022-12-23 21:12:15,941]	[DEBUG]:	Hello
 Nise to fdmfdkfd
12344
[2022-12-23 21:12:15,944]	[INFO]:	http://http.ebi.ac.uk/pub/databases/Rfam/CURRENT/fasta_files/RF00012.fa.gz
[2022-12-23 21:12:15,956]	[DEBUG]:	http://http.ebi.ac.uk/pub/databases/Rfam/CURRENT/fasta_files/RF00012.fa.gz
[2022-12-23 21:12:15,957]	[WARNING]:	http://http.ebi.ac.uk/pub/databases/Rfam/CURRENT/fasta_files/RF00012.fa.gz
[2022-12-23 21:12:15,958]	[ERROR]:	http://http.ebi.ac.uk/pub/databases/Rfam/CURRENT/fasta_files/RF00012.fa.gz
[2022-12-23 21:12:15,959]	[DEBUG]:	Hello
 Nise to fdmfdkfd
12344
[2022-12-23 21:12:33,385]	[DEBUG]:	Hello
 Nise to fdmfdkfd
12344
[2022-12-23 21:12:47,061]	[DEBUG]:	Hello
 Nise to fdmfdkfd
12344
[2022-12-23 21:31:34,497]	[DEBUG]:	Hello
 Nise to fdmfdkfd
12344
[2022-12-23 21:31:34,499]	[INFO]:	http://http.ebi.ac.uk/pub/databases/Rfam/CURRENT/fasta_files/RF00012.fa.gz
[2022-12-23 21:31:34,500]	[DEBUG]:	http://http.ebi.ac.uk/pub/databases/Rfam/CURRENT/fasta_files/RF00012.fa.gz
[2022-12-23 21:31:34,501]	[WARNING]:	http://http.ebi.ac.uk/pub/databases/Rfam/CURRENT/fasta_files/RF00012.fa.gz
[2022-12-23 21:31:34,502]	[ERROR]:	http://http.ebi.ac.uk/pub/databases/Rfam/CURRENT/fasta_files/RF00012.fa.gz
[2022-12-23 21:31:34,502]	[DEBUG]:	Hello
 Nise to fdmfdkfd
12344
[2022-12-23 21:32:23,045]	[DEBUG]:	Hello
 Nise to fdmfdkfd
12344
[2022-12-23 21:32:23,047]	[INFO]:	http://http.ebi.ac.uk/pub/databases/Rfam/CURRENT/fasta_files/RF00012.fa.gz
[2022-12-23 21:32:23,047]	[DEBUG]:	http://http.ebi.ac.uk/pub/databases/Rfam/CURRENT/fasta_files/RF00012.fa.gz
[2022-12-23 21:32:23,047]	[WARNING]:	http://http.ebi.ac.uk/pub/databases/Rfam/CURRENT/fasta_files/RF00012.fa.gz
[2022-12-23 21:32:23,049]	[ERROR]:	http://http.ebi.ac.uk/pub/databases/Rfam/CURRENT/fasta_files/RF00012.fa.gz
[2022-12-23 21:32:23,049]	[DEBUG]:	Hello
 Nise to fdmfdkfd
12344
[2022-12-23 21:47:32,321]	[DEBUG]:	Hello
 Nise to fdmfdkfd
12344
[2022-12-23 21:47:32,323]	[INFO]:	http://http.ebi.ac.uk/pub/databases/Rfam/CURRENT/fasta_files/RF00012.fa.gz
[2022-12-23 21:47:32,323]	[DEBUG]:	http://http.ebi.ac.uk/pub/databases/Rfam/CURRENT/fasta_files/RF00012.fa.gz
[2022-12-23 21:47:32,323]	[WARNING]:	http://http.ebi.ac.uk/pub/databases/Rfam/CURRENT/fasta_files/RF00012.fa.gz
[2022-12-23 21:47:32,323]	[ERROR]:	http://http.ebi.ac.uk/pub/databases/Rfam/CURRENT/fasta_files/RF00012.fa.gz
[2022-12-23 21:47:32,323]	[DEBUG]:	Hello
 Nise to fdmfdkfd
12344
[2022-12-23 21:47:57,355]	[DEBUG]:	Hello
 Nise to fdmfdkfd
12344
[2022-12-23 21:47:57,356]	[INFO]:	http://http.ebi.ac.uk/pub/databases/Rfam/CURRENT/fasta_files/RF00012.fa.gz
[2022-12-23 21:47:57,356]	[DEBUG]:	http://http.ebi.ac.uk/pub/databases/Rfam/CURRENT/fasta_files/RF00012.fa.gz
[2022-12-23 21:47:57,356]	[WARNING]:	http://http.ebi.ac.uk/pub/databases/Rfam/CURRENT/fasta_files/RF00012.fa.gz
[2022-12-23 21:47:57,357]	[ERROR]:	http://http.ebi.ac.uk/pub/databases/Rfam/CURRENT/fasta_files/RF00012.fa.gz
[2022-12-23 21:47:57,357]	[DEBUG]:	Hello
 Nise to fdmfdkfd
12344
[2022-12-23 21:48:12,143]	[DEBUG]:	Hello
 Nise to fdmfdkfd
12344
[2022-12-23 21:48:12,145]	[INFO]:	http://http.ebi.ac.uk/pub/databases/Rfam/CURRENT/fasta_files/RF00012.fa.gz
[2022-12-23 21:48:12,146]	[DEBUG]:	http://http.ebi.ac.uk/pub/databases/Rfam/CURRENT/fasta_files/RF00012.fa.gz
[2022-12-23 21:48:12,147]	[WARNING]:	http://http.ebi.ac.uk/pub/databases/Rfam/CURRENT/fasta_files/RF00012.fa.gz
[2022-12-23 21:48:12,147]	[ERROR]:	http://http.ebi.ac.uk/pub/databases/Rfam/CURRENT/fasta_files/RF00012.fa.gz
[2022-12-23 21:48:12,148]	[DEBUG]:	Hello
 Nise to fdmfdkfd
12344
[2022-12-23 21:49:00,704]	[DEBUG]:	Hello
 Nise to fdmfdkfd
12344
[2022-12-23 21:49:00,706]	[INFO]:	http://http.ebi.ac.uk/pub/databases/Rfam/CURRENT/fasta_files/RF00012.fa.gz
[2022-12-23 21:49:00,706]	[DEBUG]:	http://http.ebi.ac.uk/pub/databases/Rfam/CURRENT/fasta_files/RF00012.fa.gz
[2022-12-23 21:49:00,708]	[WARNING]:	http://http.ebi.ac.uk/pub/databases/Rfam/CURRENT/fasta_files/RF00012.fa.gz
[2022-12-23 21:49:00,709]	[ERROR]:	http://http.ebi.ac.uk/pub/databases/Rfam/CURRENT/fasta_files/RF00012.fa.gz
[2022-12-23 21:49:00,710]	[DEBUG]:	Hello
 Nise to fdmfdkfd
12344
[2022-12-23 21:49:47,335]	[DEBUG]:	Hello
 Nise to fdmfdkfd
12344
[2022-12-23 21:49:47,336]	[INFO]:	http://http.ebi.ac.uk/pub/databases/Rfam/CURRENT/fasta_files/RF00012.fa.gz
[2022-12-23 21:49:47,338]	[DEBUG]:	http://http.ebi.ac.uk/pub/databases/Rfam/CURRENT/fasta_files/RF00012.fa.gz
[2022-12-23 21:49:47,338]	[WARNING]:	http://http.ebi.ac.uk/pub/databases/Rfam/CURRENT/fasta_files/RF00012.fa.gz
[2022-12-23 21:49:47,339]	[ERROR]:	http://http.ebi.ac.uk/pub/databases/Rfam/CURRENT/fasta_files/RF00012.fa.gz
[2022-12-23 21:49:47,339]	[DEBUG]:	Hello
 Nise to fdmfdkfd
12344
[2022-12-23 21:50:06,509]	[DEBUG]:	Hello
 Nise to fdmfdkfd
12344
[2022-12-23 21:50:06,511]	[INFO]:	http://http.ebi.ac.uk/pub/databases/Rfam/CURRENT/fasta_files/RF00012.fa.gz
[2022-12-23 21:50:06,512]	[DEBUG]:	http://http.ebi.ac.uk/pub/databases/Rfam/CURRENT/fasta_files/RF00012.fa.gz
[2022-12-23 21:50:06,513]	[WARNING]:	http://http.ebi.ac.uk/pub/databases/Rfam/CURRENT/fasta_files/RF00012.fa.gz
[2022-12-23 21:50:06,514]	[ERROR]:	http://http.ebi.ac.uk/pub/databases/Rfam/CURRENT/fasta_files/RF00012.fa.gz
[2022-12-23 21:50:06,515]	[DEBUG]:	Hello
 Nise to fdmfdkfd
12344
[2022-12-23 21:50:59,923]	[DEBUG]:	Hello
[2022-12-23 21:51:08,599]	[DEBUG]:	Hello
[2022-12-23 21:55:17,730]	[DEBUG]:	Hello
[2022-12-23 21:55:17,730]	[INFO]:	URL: http://http.ebi.ac.uk/pub/databases/Rfam/CURRENT/fasta_files/RF00012.fa.gz
[2022-12-23 21:55:29,397]	[DEBUG]:	Hello
[2022-12-23 21:55:29,398]	[INFO]:	URL: http://http.ebi.ac.uk/pub/databases/Rfam/CURRENT/fasta_files/RF00012.fa.gz
[2022-12-23 21:57:21,093]	[DEBUG]:	Hello
[2022-12-23 21:57:21,093]	[INFO]:	URL: http://http.ebi.ac.uk/pub/databases/Rfam/CURRENT/fasta_files/RF00012.fa.gz
[2022-12-23 22:45:31,631]	[DEBUG]:	Hello
[2022-12-23 22:45:31,632]	[INFO]:	URL: http://http.ebi.ac.uk/pub/databases/Rfam/CURRENT/fasta_files/RF00012.fa.gz
[2022-12-23 23:04:48,415]	[DEBUG]:	Hello
[2022-12-23 23:04:48,416]	[INFO]:	URL: http://http.ebi.ac.uk/pub/databases/Rfam/CURRENT/fasta_files/RF00012.fa.gz
[2022-12-23 23:05:20,065]	[DEBUG]:	Hello
[2022-12-23 23:05:20,065]	[INFO]:	URL: http://http.ebi.ac.uk/pub/databases/Rfam/CURRENT/fasta_files/RF00012.fa.gz
[2022-12-23 23:05:48,458]	[DEBUG]:	Hello
[2022-12-23 23:05:48,460]	[INFO]:	URL: http://http.ebi.ac.uk/pub/databases/Rfam/CURRENT/fasta_files/RF00012.fa.gz
[2022-12-23 23:37:12,039]	[DEBUG]:	Hello
[2022-12-23 23:37:12,041]	[INFO]:	URL: http://http.ebi.ac.uk/pub/databases/Rfam/CURRENT/fasta_files/RF00012.fa.gz
[2022-12-24 00:09:37,297]	[INFO]:	URL: http://http.ebi.ac.uk/pub/databases/Rfam/CURRENT/fasta_files/RF00005.fa.gz
[2022-12-24 00:13:12,513]	[INFO]:	URL: http://http.ebi.ac.uk/pub/databases/Rfam/CURRENT/fasta_files/RF00005.fa.gz
[2022-12-24 00:23:21,924]	[INFO]:	URL: http://http.ebi.ac.uk/pub/databases/Rfam/CURRENT/fasta_files/RF00012.fa.gz
[2022-12-24 00:23:42,546]	[INFO]:	URL: http://http.ebi.ac.uk/pub/databases/Rfam/CURRENT/fasta_files/RF00012.fa.gz
